<?xml version="1.0" encoding="UTF-8"?>
<testsuite name="SimpleBankSystemTest" tests="1" skipped="0" failures="0" errors="0" timestamp="2021-02-20T11:40:23" hostname="LAPTOP-6G2BKNH7" time="0.684">
  <properties/>
  <testcase name="start" classname="SimpleBankSystemTest" time="0.684"/>
  <system-out><![CDATA[?[1;31m
Start test 1?[0m
1. Create an account
2. Log into account
0. Exit
> > 0

Bye!

?[1;31m
Start test 2?[0m
1. Create an account
2. Log into account
0. Exit
> > 0

Bye!

?[1;31m
Start test 3?[0m
1. Create an account
2. Log into account
0. Exit
> > 0

Bye!

?[1;31m
Start test 4?[0m
1. Create an account
2. Log into account
0. Exit
> > 0

Bye!

?[1;31m
Start test 5?[0m
1. Create an account
2. Log into account
0. Exit
> > 1
Your card has been created
Your card number:
4000007711294311
Your card PIN:
5513
1. Create an account
2. Log into account
0. Exit
> > 1
Your card has been created
Your card number:
4000004357987837
Your card PIN:
4285
1. Create an account
2. Log into account
0. Exit
> > 1
Your card has been created
Your card number:
4000003356952701
Your card PIN:
8148
1. Create an account
2. Log into account
0. Exit
> > 1
Your card has been created
Your card number:
4000004055825792
Your card PIN:
2652
1. Create an account
2. Log into account
0. Exit
> > 1
Your card has been created
Your card number:
4000002486761933
Your card PIN:
8440
1. Create an account
2. Log into account
0. Exit
> > 0

Bye!

4000007711294311
4000004357987837
4000003356952701
4000004055825792
4000002486761933
?[1;31m
Start test 6?[0m
1. Create an account
2. Log into account
0. Exit
> > 1
Your card has been created
Your card number:
4000002002978474
Your card PIN:
8387
1. Create an account
2. Log into account
0. Exit
> > 2
Enter your card number:
> > 4000002002978474
Enter your PIN:
> > 8387
You have successfully logged in!

1. Balance
2. Add income
3. Do transfer
4. Close account
5. Log out
0. Exit
> > 0

Bye!

?[1;31m
Start test 7?[0m
1. Create an account
2. Log into account
0. Exit
> > 1
Your card has been created
Your card number:
4000003086561418
Your card PIN:
8857
1. Create an account
2. Log into account
0. Exit
> > 2
Enter your card number:
> > 4000003086561418
Enter your PIN:
> > 2341
Wrong card number or PIN!
1. Create an account
2. Log into account
0. Exit
> > 0

Bye!

?[1;31m
Start test 8?[0m
1. Create an account
2. Log into account
0. Exit
> > 1
Your card has been created
Your card number:
4000007115938612
Your card PIN:
3805
1. Create an account
2. Log into account
0. Exit
> > 2
Enter your card number:
> > 400000746565311
Enter your PIN:
> > 3805
Wrong card number or PIN!
1. Create an account
2. Log into account
0. Exit
> > 0

Bye!

?[1;31m
Start test 9?[0m
1. Create an account
2. Log into account
0. Exit
> > 1
Your card has been created
Your card number:
4000008724709758
Your card PIN:
5268
1. Create an account
2. Log into account
0. Exit
> > 2
Enter your card number:
> > 4000008724709758
Enter your PIN:
> > 5268
You have successfully logged in!

1. Balance
2. Add income
3. Do transfer
4. Close account
5. Log out
0. Exit
> > 1
Balance: 0.0

1. Balance
2. Add income
3. Do transfer
4. Close account
5. Log out
0. Exit
> > 0

Bye!

?[1;31m
Start test 10?[0m
1. Create an account
2. Log into account
0. Exit
> > 1
Your card has been created
Your card number:
4000007744183184
Your card PIN:
1899
1. Create an account
2. Log into account
0. Exit
> > 2
Enter your card number:
> > 4000007744183184
Enter your PIN:
> > 1899
You have successfully logged in!

1. Balance
2. Add income
3. Do transfer
4. Close account
5. Log out
0. Exit
> > 2
Enter income:
> > 10000
Income was added!!

1. Balance
2. Add income
3. Do transfer
4. Close account
5. Log out
0. Exit
> > 0

Bye!

1. Create an account
2. Log into account
0. Exit
> > 2
Enter your card number:
> > 4000007744183184
Enter your PIN:
> > 1899
You have successfully logged in!

1. Balance
2. Add income
3. Do transfer
4. Close account
5. Log out
0. Exit
> > 2
Enter income:
> > 15000
Income was added!!

1. Balance
2. Add income
3. Do transfer
4. Close account
5. Log out
0. Exit
> > 0

Bye!

?[1;31m
Start test 11?[0m
1. Create an account
2. Log into account
0. Exit
> > 1
Your card has been created
Your card number:
4000008028047996
Your card PIN:
5874
1. Create an account
2. Log into account
0. Exit
> > 1
Your card has been created
Your card number:
4000001496564568
Your card PIN:
9696
1. Create an account
2. Log into account
0. Exit
> > 2
Enter your card number:
> > 4000001496564568
Enter your PIN:
> > 9696
You have successfully logged in!

1. Balance
2. Add income
3. Do transfer
4. Close account
5. Log out
0. Exit
> > 3
Transfer
Enter card number:
> > 2000007269641764
Probably you made a mistake in the card number. Please try again!

1. Balance
2. Add income
3. Do transfer
4. Close account
5. Log out
0. Exit
> > 3
Transfer
Enter card number:
> > 2000007269641768
Such a card does not exist.

1. Balance
2. Add income
3. Do transfer
4. Close account
5. Log out
0. Exit
> > 3
Transfer
Enter card number:
> > 4000008028047996
Enter how much money you want to transfer:
> > 100000
Not enough money!

1. Balance
2. Add income
3. Do transfer
4. Close account
5. Log out
0. Exit
> > 2
Enter income:
> > 20000
Income was added!!

1. Balance
2. Add income
3. Do transfer
4. Close account
5. Log out
0. Exit
> > 3
Transfer
Enter card number:
> > 4000008028047996
Enter how much money you want to transfer:
> > 10000
Success!

1. Balance
2. Add income
3. Do transfer
4. Close account
5. Log out
0. Exit
> > 0

Bye!

?[1;31m
Start test 12?[0m
1. Create an account
2. Log into account
0. Exit
> > 1
Your card has been created
Your card number:
4000009831738060
Your card PIN:
2966
1. Create an account
2. Log into account
0. Exit
> > 2
Enter your card number:
> > 4000009831738060
Enter your PIN:
> > 2966
You have successfully logged in!

1. Balance
2. Add income
3. Do transfer
4. Close account
5. Log out
0. Exit
> > 4
The account has been closed!
1. Create an account
2. Log into account
0. Exit
> > 0

Bye!

]]></system-out>
  <system-err><![CDATA[]]></system-err>
</testsuite>
